[INFO ] [2022-06-13 14:52:39,523] Register - Step 01: Navigate to Register page
[INFO ] [2022-06-13 14:52:40,317] Register - Step 02: Enter 'Assert' into First Name text box
[INFO ] [2022-06-13 14:52:40,373] Register - Step 03: Enter 'Verify' into Last Name text box
[INFO ] [2022-06-13 14:52:40,417] Register - Step 04: Enter 'assertverify.level12.3737@mail.com' into Email text box
[INFO ] [2022-06-13 14:52:40,478] Register - Step 05: Enter '110622' into Password text box
[INFO ] [2022-06-13 14:52:40,523] Register - Step 06: Enter '110622' into Confirm Password text box
[INFO ] [2022-06-13 14:52:40,567] Register - Step 07: Click on Register button
[INFO ] [2022-06-13 14:52:41,971] Register - Step 08: Verify registration success message is displayed
[INFO ] [2022-06-13 14:52:42,006]  -------------------------- FAILED -------------------------- 
[INFO ] [2022-06-13 14:52:42,007] Register - Step 09: Click on Logout link
[INFO ] [2022-06-13 14:52:42,829] Login - Step 01: Navigate to Login page
[INFO ] [2022-06-13 14:52:43,933] Login - Step 02: Enter 'assertverify.level12.3737@mail.com' into Email text box
[INFO ] [2022-06-13 14:52:43,990] Login - Step 03: Enter '110622' into Password text box
[INFO ] [2022-06-13 14:52:44,031] Login - Step 04: Click on Login button
[INFO ] [2022-06-13 14:52:45,545] Login - Step 05: Verify My Account link is displayed
[INFO ] [2022-06-13 14:52:45,588]  -------------------------- FAILED -------------------------- 
[INFO ] [2022-06-13 14:52:45,588] Login - Step 06: Navigate to My Account page
[INFO ] [2022-06-13 14:52:59,486] Login - Step 07: Verify Customer Info page is displayed
[INFO ] [2022-06-13 14:52:59,520]  -------------------------- FAILED -------------------------- 
[2022-06-13 15:36:21,556] Register - Step 01: Navigate to Register page
[2022-06-13 15:36:26,878] Register - Step 02: Enter 'Assert' into First Name text box
[2022-06-13 15:36:26,948] Register - Step 03: Enter 'Verify' into Last Name text box
[2022-06-13 15:36:26,988] Register - Step 04: Enter 'assertverify.level12.7499@mail.com' into Email text box
[2022-06-13 15:36:27,040] Register - Step 05: Enter '110622' into Password text box
[2022-06-13 15:36:27,082] Register - Step 06: Enter '110622' into Confirm Password text box
[2022-06-13 15:36:27,123] Register - Step 07: Click on Register button
[2022-06-13 15:36:32,855] Register - Step 08: Verify registration success message is displayed
[2022-06-13 15:36:32,885]  -------------------------- FAILED -------------------------- 
[2022-06-13 15:36:32,885] Register - Step 09: Click on Logout link
[2022-06-13 15:36:33,999] Login - Step 01: Navigate to Login page
[2022-06-13 15:36:34,699] Login - Step 02: Enter 'assertverify.level12.7499@mail.com' into Email text box
[2022-06-13 15:36:34,746] Login - Step 03: Enter '110622' into Password text box
[2022-06-13 15:36:34,781] Login - Step 04: Click on Login button
[2022-06-13 15:36:35,707] Login - Step 05: Verify My Account link is displayed
[2022-06-13 15:36:35,745]  -------------------------- PASSED -------------------------- 
[2022-06-13 15:36:35,745] Login - Step 06: Navigate to My Account page
[2022-06-13 15:36:36,928] Login - Step 07: Verify Customer Info page is displayed
[2022-06-13 15:36:36,964]  -------------------------- FAILED -------------------------- 
[2022-06-13 15:38:48,208] Register - Step 01: Navigate to Register page
[2022-06-13 15:38:49,246] Register - Step 02: Enter 'Assert' into First Name text box
[2022-06-13 15:38:49,291] Register - Step 03: Enter 'Verify' into Last Name text box
[2022-06-13 15:38:49,334] Register - Step 04: Enter 'assertverify.level12.381@mail.com' into Email text box
[2022-06-13 15:38:49,386] Register - Step 05: Enter '110622' into Password text box
[2022-06-13 15:38:49,430] Register - Step 06: Enter '110622' into Confirm Password text box
[2022-06-13 15:38:49,477] Register - Step 07: Click on Register button
[2022-06-13 15:38:51,176] Register - Step 08: Verify registration success message is displayed
[2022-06-13 15:38:51,206]  -------------------------- PASSED -------------------------- 
[2022-06-13 15:38:51,206] Register - Step 09: Click on Logout link
[2022-06-13 15:38:52,470] Login - Step 01: Navigate to Login page
[2022-06-13 15:38:53,200] Login - Step 02: Enter 'assertverify.level12.381@mail.com' into Email text box
[2022-06-13 15:38:53,246] Login - Step 03: Enter '110622' into Password text box
[2022-06-13 15:38:53,281] Login - Step 04: Click on Login button
[2022-06-13 15:38:54,056] Login - Step 05: Verify My Account link is displayed
[2022-06-13 15:38:54,095]  -------------------------- PASSED -------------------------- 
[2022-06-13 15:38:54,095] Login - Step 06: Navigate to My Account page
[2022-06-13 15:38:54,812] Login - Step 07: Verify Customer Info page is displayed
[2022-06-13 15:38:54,848]  -------------------------- FAILED -------------------------- 
[2022-06-13 15:45:35,353] Register - Step 01: Navigate to Register page
[2022-06-13 15:45:36,200] Register - Step 02: Enter 'Assert' into First Name text box
[2022-06-13 15:45:36,253] Register - Step 03: Enter 'Verify' into Last Name text box
[2022-06-13 15:45:36,292] Register - Step 04: Enter 'assertverify.level12.565@mail.com' into Email text box
[2022-06-13 15:45:36,339] Register - Step 05: Enter '110622' into Password text box
[2022-06-13 15:45:36,380] Register - Step 06: Enter '110622' into Confirm Password text box
[2022-06-13 15:45:36,411] Register - Step 07: Click on Register button
[2022-06-13 15:45:40,831] Register - Step 08: Verify registration success message is displayed
[2022-06-13 15:45:40,859]  -------------------------- PASSED -------------------------- 
[2022-06-13 15:45:40,859] Register - Step 09: Click on Logout link
[2022-06-13 15:45:45,992] Login - Step 01: Navigate to Login page
[2022-06-13 15:45:53,844] Login - Step 02: Enter 'assertverify.level12.565@mail.com' into Email text box
[2022-06-13 15:45:53,885] Login - Step 03: Enter '110622' into Password text box
[2022-06-13 15:45:53,921] Login - Step 04: Click on Login button
[2022-06-13 15:45:56,002] Login - Step 05: Verify My Account link is displayed
[2022-06-13 15:45:56,036]  -------------------------- PASSED -------------------------- 
[2022-06-13 15:45:56,036] Login - Step 06: Navigate to My Account page
[2022-06-13 15:45:59,630] Login - Step 07: Verify Customer Info page is displayed
[2022-06-13 15:45:59,662]  -------------------------- FAILED -------------------------- 
[2022-06-13 15:55:54,578] Register - Step 01: Navigate to Register page
[2022-06-13 15:55:55,388] Register - Step 02: Enter 'Assert' into First Name text box
[2022-06-13 15:55:55,443] Register - Step 03: Enter 'Verify' into Last Name text box
[2022-06-13 15:55:55,490] Register - Step 04: Enter 'assertverify.level12.7093@mail.com' into Email text box
[2022-06-13 15:55:55,556] Register - Step 05: Enter '110622' into Password text box
[2022-06-13 15:55:55,600] Register - Step 06: Enter '110622' into Confirm Password text box
[2022-06-13 15:55:55,638] Register - Step 07: Click on Register button
[2022-06-13 15:55:56,545] Register - Step 08: Verify registration success message is displayed
[2022-06-13 15:55:56,579]  -------------------------- PASSED -------------------------- 
[2022-06-13 15:55:56,579] Register - Step 09: Click on Logout link
[2022-06-13 15:55:57,558] Login - Step 01: Navigate to Login page
[2022-06-13 15:55:58,295] Login - Step 02: Enter 'assertverify.level12.7093@mail.com' into Email text box
[2022-06-13 15:55:58,342] Login - Step 03: Enter '110622' into Password text box
[2022-06-13 15:55:58,378] Login - Step 04: Click on Login button
[2022-06-13 15:55:59,496] Login - Step 05: Verify My Account link is displayed
[2022-06-13 15:55:59,529]  -------------------------- PASSED -------------------------- 
[2022-06-13 15:55:59,529] Login - Step 06: Navigate to My Account page
[2022-06-13 15:56:00,232] Login - Step 07: Verify Customer Info page is displayed
[2022-06-13 15:56:00,265]  -------------------------- FAILED -------------------------- 
[2022-06-13 15:58:26,849] Register - Step 01: Navigate to Register page
[2022-06-13 15:58:27,643] Register - Step 02: Enter 'Log' into First Name text box
[2022-06-13 15:58:27,683] Register - Step 03: Enter 'ReportNG' into Last Name text box
[2022-06-13 15:58:27,725] Register - Step 04: Enter 'logreportng.level14.219@mail.com' into Email text box
[2022-06-13 15:58:27,777] Register - Step 05: Enter '130622' into Password text box
[2022-06-13 15:58:27,815] Register - Step 06: Enter '130622' into Confirm Password text box
[2022-06-13 15:58:27,854] Register - Step 07: Click on Register button
[2022-06-13 15:58:28,913] Register - Step 08: Verify registration success message is displayed
[2022-06-13 15:58:28,944]  -------------------------- PASSED -------------------------- 
[2022-06-13 15:58:28,944] Register - Step 09: Click on Logout link
[2022-06-13 15:58:29,675] Login - Step 01: Navigate to Login page
[2022-06-13 15:58:30,267] Login - Step 02: Enter 'logreportng.level14.219@mail.com' into Email text box
[2022-06-13 15:58:30,315] Login - Step 03: Enter '130622' into Password text box
[2022-06-13 15:58:30,353] Login - Step 04: Click on Login button
[2022-06-13 15:58:31,145] Login - Step 05: Verify My Account link is displayed
[2022-06-13 15:58:31,183]  -------------------------- PASSED -------------------------- 
[2022-06-13 15:58:31,183] Login - Step 06: Navigate to My Account page
[2022-06-13 15:58:31,769] Login - Step 07: Verify Customer Info page is displayed
[2022-06-13 15:58:31,803]  -------------------------- FAILED -------------------------- 
[2022-06-13 16:07:30,680] Register - Step 01: Navigate to Register page
[2022-06-13 16:07:35,336] Register - Step 02: Enter 'Log' into First Name text box
[2022-06-13 16:07:35,378] Register - Step 03: Enter 'ReportNG' into Last Name text box
[2022-06-13 16:07:35,418] Register - Step 04: Enter 'logreportng.level14.7201@mail.com' into Email text box
[2022-06-13 16:07:35,463] Register - Step 05: Enter '130622' into Password text box
[2022-06-13 16:07:35,500] Register - Step 06: Enter '130622' into Confirm Password text box
[2022-06-13 16:07:35,533] Register - Step 07: Click on Register button
[2022-06-13 16:07:40,413] Register - Step 08: Verify registration success message is displayed
[2022-06-13 16:07:40,443]  -------------------------- PASSED -------------------------- 
[2022-06-13 16:07:40,443] Register - Step 09: Click on Logout link
[2022-06-13 16:07:41,301] Login - Step 01: Navigate to Login page
[2022-06-13 16:07:43,068] Login - Step 02: Enter 'logreportng.level14.7201@mail.com' into Email text box
[2022-06-13 16:07:43,117] Login - Step 03: Enter '130622' into Password text box
[2022-06-13 16:07:43,156] Login - Step 04: Click on Login button
[2022-06-13 16:07:45,597] Login - Step 05: Verify My Account link is displayed
[2022-06-13 16:07:45,630]  -------------------------- PASSED -------------------------- 
[2022-06-13 16:07:45,631] Login - Step 06: Navigate to My Account page
[2022-06-13 16:07:48,114] Login - Step 07: Verify Customer Info page is displayed
[2022-06-13 16:07:48,153]  -------------------------- FAILED -------------------------- 
[2022-06-16 23:55:01,070] Register - Step 01: Navigate to Register page
[2022-06-16 23:55:01,726] Register - Step 02: Enter 'ReportNG' into First Name text box
[2022-06-16 23:55:01,838] Register - Step 03: Enter 'Screenshot' into Last Name text box
[2022-06-16 23:55:01,948] Register - Step 04: Enter 'reportngscreenshot.level15.7707@mail.com' into Email text box
[2022-06-16 23:55:02,086] Register - Step 05: Enter '160622' into Password text box
[2022-06-16 23:55:02,185] Register - Step 06: Enter '160622' into Confirm Password text box
[2022-06-16 23:55:02,257] Register - Step 07: Click on Register button
[2022-06-16 23:55:03,111] Register - Step 08: Verify registration success message is displayed
[2022-06-16 23:55:03,300] Login - Step 01: Navigate to Login page
[2022-06-17 10:25:48,405] Register - Step 01: Navigate to Register page
[2022-06-17 10:25:49,265] Register - Step 02: Enter 'ReportNG' into First Name text box
[2022-06-17 10:25:49,395] Register - Step 03: Enter 'Screenshot' into Last Name text box
[2022-06-17 10:25:49,510] Register - Step 04: Enter 'reportngscreenshot.level15.4594@mail.com' into Email text box
[2022-06-17 10:25:49,620] Register - Step 05: Enter '160622' into Password text box
[2022-06-17 10:25:49,720] Register - Step 06: Enter '160622' into Confirm Password text box
[2022-06-17 10:25:49,831] Register - Step 07: Click on Register button
[2022-06-17 10:25:50,925] Register - Step 08: Verify registration success message is displayed
[2022-06-17 10:25:52,124] Login - Step 01: Navigate to Login page
[2022-06-17 10:25:52,702] Login - Step 02: Enter 'reportngscreenshot.level15.4594@mail.com' into Email text box
[2022-06-17 10:25:52,820] Login - Step 03: Enter '160622' into Password text box
[2022-06-17 10:25:52,926] Login - Step 04: Click on Login button
[2022-06-17 10:25:53,915] Login - Step 05: Verify My Account link is displayed
[2022-06-17 11:00:01,654] Register - Step 01: Navigate to Register page
[2022-06-17 11:00:02,226] Register - Step 02: Enter 'ReportNG' into First Name text box
[2022-06-17 11:00:02,346] Register - Step 03: Enter 'Screenshot' into Last Name text box
[2022-06-17 11:00:02,437] Register - Step 04: Enter 'reportngscreenshot.level15.9827@mail.com' into Email text box
[2022-06-17 11:00:02,568] Register - Step 05: Enter '160622' into Password text box
[2022-06-17 11:00:02,694] Register - Step 06: Enter '160622' into Confirm Password text box
[2022-06-17 11:00:02,815] Register - Step 07: Click on Register button
[2022-06-17 11:00:05,083] Register - Step 08: Verify registration success message is displayed
[2022-06-17 11:00:06,170] Login - Step 01: Navigate to Login page
[2022-06-17 11:00:06,724] Login - Step 02: Enter 'reportngscreenshot.level15.9827@mail.com' into Email text box
[2022-06-17 11:00:06,820] Login - Step 03: Enter '160622' into Password text box
[2022-06-17 11:00:06,897] Login - Step 04: Click on Login button
[2022-06-17 11:00:07,757] Login - Step 05: Verify My Account link is displayed
[2022-07-02 10:30:04,738] Pre-condition - Step 01: Navigate to Register page
[2022-07-02 10:30:05,519] Pre-condition - Step 02: Enter 'Close' into First Name text box
[2022-07-02 10:30:05,616] Pre-condition - Step 03: Enter 'Driver' into Last Name text box
[2022-07-02 10:30:05,724] Pre-condition - Step 04: Enter 'closedriver.level17.8066@mail.com' into Email text box
[2022-07-02 10:30:05,833] Pre-condition - Step 05: Enter '010722' into Password text box
[2022-07-02 10:30:05,906] Pre-condition - Step 06: Enter '010722' into Confirm Password text box
[2022-07-02 10:30:05,998] Pre-condition - Step 07: Click on Register button
[2022-07-02 10:30:06,858] Pre-condition - Step 08: Verify registration success message is displayed
[2022-07-02 10:30:07,219] OS name = windows 10
[2022-07-02 10:30:07,220] Driver instance name = firefoxdriver: firefox on windows (ee444da7-0071-42e6-b6a5-2a5d8d123215)
[2022-07-02 10:32:22,969] Pre-condition - Step 01: Navigate to Register page
[2022-07-02 10:32:23,564] Pre-condition - Step 02: Enter 'Close' into First Name text box
[2022-07-02 10:32:23,664] Pre-condition - Step 03: Enter 'Driver' into Last Name text box
[2022-07-02 10:32:23,756] Pre-condition - Step 04: Enter 'closedriver.level17.3704@mail.com' into Email text box
[2022-07-02 10:32:23,872] Pre-condition - Step 05: Enter '010722' into Password text box
[2022-07-02 10:32:23,956] Pre-condition - Step 06: Enter '010722' into Confirm Password text box
[2022-07-02 10:32:24,055] Pre-condition - Step 07: Click on Register button
[2022-07-02 10:32:24,848] Pre-condition - Step 08: Verify registration success message is displayed
[2022-07-02 10:32:24,910]  -------------------------- FAILED -------------------------- 
[2022-07-02 10:32:24,911] Pre-condition - Step 09: Navigate to Search page
[2022-07-02 10:32:26,791] Pre-condition - Step 10: Verify Search header is displayed
[2022-07-02 10:32:26,863]  -------------------------- PASSED -------------------------- 
[2022-07-02 10:32:26,937] Search - Step 01: Enter empty value into Search text box
[2022-07-02 10:32:27,035] Search - Step 02: Click on Search button
[2022-07-02 10:32:27,502] Search - Step 03: Verify warning message is displayed
[2022-07-02 10:32:27,639] Search - Step 01: Enter 'Macbook Pro 2050' into Search text box
[2022-07-02 10:32:27,748] Search - Step 02: Click on Search button
[2022-07-02 10:32:28,271] Search - Step 03: Verify no result message is displayed
[2022-07-02 10:32:28,330] Search - Step 01: Enter 'Lenovo' into Search text box
[2022-07-02 10:32:28,405] Search - Step 02: Click on Search button
[2022-07-02 10:32:28,901] Search - Step 03: Verify realtive Product Name is displayed
[2022-07-02 10:32:28,959] Search - Step 01: Enter 'ThinkPad X1 Carbon' into Search text box
[2022-07-02 10:32:29,035] Search - Step 02: Click on Search button
[2022-07-02 10:32:29,535] Search - Step 03: Verify absolute Product Name is displayed
[2022-07-02 10:32:29,566] OS name = windows 10
[2022-07-02 10:32:29,566] Driver instance name = firefoxdriver: firefox on windows (6a162035-c9d8-46a0-a66f-280741907ad2)
[2022-07-02 10:33:03,400] Pre-condition - Step 01: Navigate to Register page
[2022-07-02 10:33:03,995] Pre-condition - Step 02: Enter 'Close' into First Name text box
[2022-07-02 10:33:04,083] Pre-condition - Step 03: Enter 'Driver' into Last Name text box
[2022-07-02 10:33:04,149] Pre-condition - Step 04: Enter 'closedriver.level17.9750@mail.com' into Email text box
[2022-07-02 10:33:04,275] Pre-condition - Step 05: Enter '010722' into Password text box
[2022-07-02 10:33:04,355] Pre-condition - Step 06: Enter '010722' into Confirm Password text box
[2022-07-02 10:33:04,450] Pre-condition - Step 07: Click on Register button
[2022-07-02 10:33:05,263] Pre-condition - Step 08: Verify registration success message is displayed
[2022-07-02 10:33:05,316]  -------------------------- FAILED -------------------------- 
[2022-07-02 10:33:05,316] Pre-condition - Step 09: Navigate to Search page
[2022-07-02 10:33:05,808] Pre-condition - Step 10: Verify Search header is displayed
[2022-07-02 10:33:05,873]  -------------------------- FAILED -------------------------- 
[2022-07-02 10:33:05,950] Search - Step 01: Enter empty value into Search text box
[2022-07-02 10:33:06,009] Search - Step 02: Click on Search button
[2022-07-02 10:33:06,474] Search - Step 03: Verify warning message is displayed
[2022-07-02 10:33:06,614] Search - Step 01: Enter 'Macbook Pro 2050' into Search text box
[2022-07-02 10:33:06,696] Search - Step 02: Click on Search button
[2022-07-02 10:33:07,177] Search - Step 03: Verify no result message is displayed
[2022-07-02 10:33:07,244] Search - Step 01: Enter 'Lenovo' into Search text box
[2022-07-02 10:33:07,331] Search - Step 02: Click on Search button
[2022-07-02 10:33:07,842] Search - Step 03: Verify realtive Product Name is displayed
[2022-07-02 10:33:07,890] Search - Step 01: Enter 'ThinkPad X1 Carbon' into Search text box
[2022-07-02 10:33:07,975] Search - Step 02: Click on Search button
[2022-07-02 10:33:08,510] Search - Step 03: Verify absolute Product Name is displayed
[2022-07-02 10:33:08,544] OS name = windows 10
[2022-07-02 10:33:08,544] Driver instance name = firefoxdriver: firefox on windows (e052d6a9-ea9a-46ae-8c34-0043dfc03f05)
[2022-07-02 10:39:06,552] Pre-condition - Step 01: Navigate to Register page
[2022-07-02 10:39:07,172] Pre-condition - Step 02: Enter 'Close' into First Name text box
[2022-07-02 10:39:07,272] Pre-condition - Step 03: Enter 'Driver' into Last Name text box
[2022-07-02 10:39:07,379] Pre-condition - Step 04: Enter 'closedriver.level17.2689@mail.com' into Email text box
[2022-07-02 10:39:07,501] Pre-condition - Step 05: Enter '010722' into Password text box
[2022-07-02 10:39:07,571] Pre-condition - Step 06: Enter '010722' into Confirm Password text box
[2022-07-02 10:39:07,637] Pre-condition - Step 07: Click on Register button
[2022-07-02 10:39:08,452] Pre-condition - Step 08: Verify registration success message is displayed
[2022-07-02 10:39:08,501]  -------------------------- FAILED -------------------------- 
[2022-07-02 10:39:08,502] Pre-condition - Step 09: Navigate to Search page
[2022-07-02 10:39:09,012] Pre-condition - Step 10: Verify Search header is displayed
[2022-07-02 10:39:09,073]  -------------------------- FAILED -------------------------- 
[2022-07-02 10:39:09,154] Search - Step 01: Enter empty value into Search text box
[2022-07-02 10:39:09,241] Search - Step 02: Click on Search button
[2022-07-02 10:39:09,699] Search - Step 03: Verify warning message is displayed
[2022-07-02 10:39:09,837] Search - Step 01: Enter 'Macbook Pro 2050' into Search text box
[2022-07-02 10:39:09,923] Search - Step 02: Click on Search button
[2022-07-02 10:39:10,389] Search - Step 03: Verify no result message is displayed
[2022-07-02 10:39:10,448] Search - Step 01: Enter 'Lenovo' into Search text box
[2022-07-02 10:39:10,543] Search - Step 02: Click on Search button
[2022-07-02 10:39:11,031] Search - Step 03: Verify realtive Product Name is displayed
[2022-07-02 10:39:11,082] Search - Step 01: Enter 'ThinkPad X1 Carbon' into Search text box
[2022-07-02 10:39:11,162] Search - Step 02: Click on Search button
[2022-07-02 10:39:11,651] Search - Step 03: Verify absolute Product Name is displayed
[2022-07-02 10:39:11,679] OS name = windows 10
[2022-07-02 10:39:11,679] Driver instance name = firefoxdriver: firefox on windows (c59ace06-9c19-4f7a-9438-4aee1b4c13bd)
[2022-07-02 10:40:11,766] Pre-condition - Step 01: Navigate to Register page
[2022-07-02 10:40:12,353] Pre-condition - Step 02: Enter 'Close' into First Name text box
[2022-07-02 10:40:12,461] Pre-condition - Step 03: Enter 'Driver' into Last Name text box
[2022-07-02 10:40:12,576] Pre-condition - Step 04: Enter 'closedriver.level17.3128@mail.com' into Email text box
[2022-07-02 10:40:12,701] Pre-condition - Step 05: Enter '010722' into Password text box
[2022-07-02 10:40:12,795] Pre-condition - Step 06: Enter '010722' into Confirm Password text box
[2022-07-02 10:40:12,892] Pre-condition - Step 07: Click on Register button
[2022-07-02 10:40:13,724] Pre-condition - Step 08: Verify registration success message is displayed
[2022-07-02 10:40:14,007] OS name = windows 10
[2022-07-02 10:40:14,007] Driver instance name = firefoxdriver: firefox on windows (5917ce2f-ca76-438c-a88a-f12396ec657a)
[2022-07-02 10:46:03,533] Pre-condition - Step 01: Navigate to Register page
[2022-07-02 10:46:04,169] Pre-condition - Step 02: Enter 'Close' into First Name text box
[2022-07-02 10:46:04,328] Pre-condition - Step 03: Enter 'Driver' into Last Name text box
[2022-07-02 10:46:04,453] Pre-condition - Step 04: Enter 'closedriver.level17.925@mail.com' into Email text box
[2022-07-02 10:46:04,561] Pre-condition - Step 05: Enter '010722' into Password text box
[2022-07-02 10:46:04,642] Pre-condition - Step 06: Enter '010722' into Confirm Password text box
[2022-07-02 10:46:04,727] Pre-condition - Step 07: Click on Register button
[2022-07-02 10:46:05,558] Pre-condition - Step 08: Verify registration success message is displayed
[2022-07-02 10:46:05,873] OS name = windows 10
[2022-07-02 10:46:05,874] Driver instance name = firefoxdriver: firefox on windows (2e67dca9-def0-40a7-a781-7d60b60d9dcb)
[2022-07-02 10:49:52,204] Pre-condition - Step 01: Navigate to Register page
[2022-07-02 10:49:52,793] Pre-condition - Step 02: Enter 'Close' into First Name text box
[2022-07-02 10:49:52,870] Pre-condition - Step 03: Enter 'Driver' into Last Name text box
[2022-07-02 10:49:52,958] Pre-condition - Step 04: Enter 'closedriver.level17.9441@mail.com' into Email text box
[2022-07-02 10:49:53,069] Pre-condition - Step 05: Enter '010722' into Password text box
[2022-07-02 10:49:53,154] Pre-condition - Step 06: Enter '010722' into Confirm Password text box
[2022-07-02 10:49:53,232] Pre-condition - Step 07: Click on Register button
[2022-07-02 10:49:54,001] Pre-condition - Step 08: Verify registration success message is displayed
[2022-07-02 10:49:54,284] OS name = windows 10
[2022-07-02 10:49:54,285] Driver instance name = firefoxdriver: firefox on windows (3b6daac2-ddfb-48cd-ade3-76797485ed38)
[2022-07-02 10:54:38,151] Pre-condition - Step 01: Navigate to Register page
[2022-07-02 10:54:38,811] Pre-condition - Step 02: Enter 'Close' into First Name text box
[2022-07-02 10:54:38,915] Pre-condition - Step 03: Enter 'Driver' into Last Name text box
[2022-07-02 10:54:39,025] Pre-condition - Step 04: Enter 'closedriver.level17.2090@mail.com' into Email text box
[2022-07-02 10:54:39,155] Pre-condition - Step 05: Enter '010722' into Password text box
[2022-07-02 10:54:39,249] Pre-condition - Step 06: Enter '010722' into Confirm Password text box
[2022-07-02 10:54:39,343] Pre-condition - Step 07: Click on Register button
[2022-07-02 10:54:40,245] Pre-condition - Step 08: Verify registration success message is displayed
[2022-07-02 10:54:40,527] OS name = windows 10
[2022-07-02 10:54:40,528] Driver instance name = firefoxdriver: firefox on windows (aefa46c5-431b-43aa-a36e-b6f43a65c316)
[2022-07-02 10:55:11,530] Pre-condition - Step 01: Navigate to Register page
[2022-07-02 10:55:12,156] Pre-condition - Step 02: Enter 'Close' into First Name text box
[2022-07-02 10:55:12,256] Pre-condition - Step 03: Enter 'Driver' into Last Name text box
[2022-07-02 10:55:12,363] Pre-condition - Step 04: Enter 'closedriver.level17.4422@mail.com' into Email text box
[2022-07-02 10:55:12,479] Pre-condition - Step 05: Enter '010722' into Password text box
[2022-07-02 10:55:12,576] Pre-condition - Step 06: Enter '010722' into Confirm Password text box
[2022-07-02 10:55:12,663] Pre-condition - Step 07: Click on Register button
[2022-07-02 10:55:13,439] Pre-condition - Step 08: Verify registration success message is displayed
[2022-07-02 10:55:13,481]  -------------------------- FAILED -------------------------- 
[2022-07-02 10:55:13,482] Pre-condition - Step 09: Navigate to Search page
[2022-07-02 10:55:13,976] Pre-condition - Step 10: Verify Search header is displayed
[2022-07-02 10:55:14,045]  -------------------------- FAILED -------------------------- 
[2022-07-02 10:55:14,118] Search - Step 01: Enter empty value into Search text box
[2022-07-02 10:55:14,173] Search - Step 02: Click on Search button
[2022-07-02 10:55:14,613] Search - Step 03: Verify warning message is displayed
[2022-07-02 10:55:14,751] Search - Step 01: Enter 'Macbook Pro 2050' into Search text box
[2022-07-02 10:55:14,828] Search - Step 02: Click on Search button
[2022-07-02 10:55:15,322] Search - Step 03: Verify no result message is displayed
[2022-07-02 10:55:15,380] Search - Step 01: Enter 'Lenovo' into Search text box
[2022-07-02 10:55:15,486] Search - Step 02: Click on Search button
[2022-07-02 10:55:16,002] Search - Step 03: Verify realtive Product Name is displayed
[2022-07-02 10:55:16,045] Search - Step 01: Enter 'ThinkPad X1 Carbon' into Search text box
[2022-07-02 10:55:16,140] Search - Step 02: Click on Search button
[2022-07-02 10:55:16,588] Search - Step 03: Verify absolute Product Name is displayed
[2022-07-02 10:55:16,713] OS name = windows 10
[2022-07-02 10:55:16,714] Driver instance name = firefoxdriver: firefox on windows (9da5519c-9b10-4b65-b825-55e03cfabf67)
[2022-07-02 10:56:42,409] Pre-condition - Step 01: Navigate to Register page
[2022-07-02 10:56:42,969] Pre-condition - Step 02: Enter 'Close' into First Name text box
[2022-07-02 10:56:43,064] Pre-condition - Step 03: Enter 'Driver' into Last Name text box
[2022-07-02 10:56:43,165] Pre-condition - Step 04: Enter 'closedriver.level17.7249@mail.com' into Email text box
[2022-07-02 10:56:43,311] Pre-condition - Step 05: Enter '010722' into Password text box
[2022-07-02 10:56:43,413] Pre-condition - Step 06: Enter '010722' into Confirm Password text box
[2022-07-02 10:56:43,484] Pre-condition - Step 07: Click on Register button
[2022-07-02 10:56:44,274] Pre-condition - Step 08: Verify registration success message is displayed
[2022-07-02 10:56:44,328]  -------------------------- FAILED -------------------------- 
[2022-07-02 10:56:44,329] Pre-condition - Step 09: Navigate to Search page
[2022-07-02 10:56:44,849] Pre-condition - Step 10: Verify Search header is displayed
[2022-07-02 10:56:44,918]  -------------------------- FAILED -------------------------- 
[2022-07-02 10:56:45,018] Search - Step 01: Enter empty value into Search text box
[2022-07-02 10:56:45,095] Search - Step 02: Click on Search button
[2022-07-02 10:56:45,596] Search - Step 03: Verify warning message is displayed
[2022-07-02 10:56:45,755] Search - Step 01: Enter 'Macbook Pro 2050' into Search text box
[2022-07-02 10:56:45,852] Search - Step 02: Click on Search button
[2022-07-02 10:56:46,344] Search - Step 03: Verify no result message is displayed
[2022-07-02 10:56:46,403] Search - Step 01: Enter 'Lenovo' into Search text box
[2022-07-02 10:56:46,495] Search - Step 02: Click on Search button
[2022-07-02 10:56:47,032] Search - Step 03: Verify realtive Product Name is displayed
[2022-07-02 10:56:47,068] Search - Step 01: Enter 'ThinkPad X1 Carbon' into Search text box
[2022-07-02 10:56:47,173] Search - Step 02: Click on Search button
[2022-07-02 10:56:47,664] Search - Step 03: Verify absolute Product Name is displayed
[2022-07-02 10:56:47,692]  -------------------------- FAILED -------------------------- 
[2022-07-02 10:56:47,808] OS name = windows 10
[2022-07-02 10:56:47,808] Driver instance name = firefoxdriver: firefox on windows (4f40a173-8bcd-48e2-ab5a-19a34540da86)
[2022-07-02 11:19:26,108] Pre-condition - Step 01: Navigate to Register page
[2022-07-02 11:19:26,668] Pre-condition - Step 02: Enter 'Close' into First Name text box
[2022-07-02 11:19:26,745] Pre-condition - Step 03: Enter 'Driver' into Last Name text box
[2022-07-02 11:19:26,840] Pre-condition - Step 04: Enter 'closedriver.level17.5316@mail.com' into Email text box
[2022-07-02 11:19:26,999] Pre-condition - Step 05: Enter '010722' into Password text box
[2022-07-02 11:19:27,082] Pre-condition - Step 06: Enter '010722' into Confirm Password text box
[2022-07-02 11:19:27,181] Pre-condition - Step 07: Click on Register button
[2022-07-02 11:19:28,021] Pre-condition - Step 08: Verify registration success message is displayed
[2022-07-02 11:19:28,066]  -------------------------- FAILED -------------------------- 
[2022-07-02 11:19:28,067] Pre-condition - Step 09: Navigate to Search page
[2022-07-02 11:19:28,616] Pre-condition - Step 10: Verify Search header is displayed
[2022-07-02 11:19:28,691]  -------------------------- FAILED -------------------------- 
[2022-07-02 11:19:28,766] Search - Step 01: Enter empty value into Search text box
[2022-07-02 11:19:28,840] Search - Step 02: Click on Search button
[2022-07-02 11:19:29,303] Search - Step 03: Verify warning message is displayed
[2022-07-02 11:19:29,451] Search - Step 01: Enter 'Macbook Pro 2050' into Search text box
[2022-07-02 11:19:29,525] Search - Step 02: Click on Search button
[2022-07-02 11:19:30,047] Search - Step 03: Verify no result message is displayed
[2022-07-02 11:19:30,094] Search - Step 01: Enter 'Lenovo' into Search text box
[2022-07-02 11:19:30,184] Search - Step 02: Click on Search button
[2022-07-02 11:19:30,770] Search - Step 03: Verify realtive Product Name is displayed
[2022-07-02 11:19:30,829] Search - Step 01: Enter 'ThinkPad X1 Carbon' into Search text box
[2022-07-02 11:19:30,956] Search - Step 02: Click on Search button
[2022-07-02 11:19:31,445] Search - Step 03: Verify absolute Product Name is displayed
[2022-07-02 11:19:31,473]  -------------------------- FAILED -------------------------- 
[2022-07-02 11:19:31,584] OS name = windows 10
[2022-07-02 11:19:31,584] Driver instance name = firefoxdriver: firefox on windows (8a181e29-e748-4793-972d-b773f042fc85)
[2022-07-02 11:21:27,980] Pre-condition - Step 01: Navigate to Register page
[2022-07-02 11:21:28,568] Pre-condition - Step 02: Enter 'Close' into First Name text box
[2022-07-02 11:21:28,660] Pre-condition - Step 03: Enter 'Driver' into Last Name text box
[2022-07-02 11:21:28,774] Pre-condition - Step 04: Enter 'closedriver.level17.6082@mail.com' into Email text box
[2022-07-02 11:21:28,892] Pre-condition - Step 05: Enter '010722' into Password text box
[2022-07-02 11:21:28,990] Pre-condition - Step 06: Enter '010722' into Confirm Password text box
[2022-07-02 11:21:29,083] Pre-condition - Step 07: Click on Register button
[2022-07-02 11:21:29,875] Pre-condition - Step 08: Verify registration success message is displayed
[2022-07-02 11:21:30,254] OS name = windows 10
[2022-07-02 11:21:30,254] Driver instance name = firefoxdriver: firefox on windows (218c1629-62e2-4690-a444-8605522b92b9)
[2022-07-03 15:19:21,785] Pre-condition - Step 00: Open NopCommerce Home page
[2022-07-03 15:19:28,976] Register - Step 01: Navigate to Register page
[2022-07-03 15:19:29,582] Register - Step 02: Select Gender radio button
[2022-07-03 15:19:29,861] Register - Step 03: Enter 'Pattern' into First Name text box
[2022-07-03 15:19:29,949] Register - Step 04: Enter 'Object' into Last Name text box
[2022-07-03 15:19:30,024] Register - Step 05: Select Date Of Birth
[2022-07-03 15:19:50,275] Login - Step 01: Navigate to Login page
[2022-07-03 15:20:10,398] My account - Step 01: Navigate to My Account page
[2022-07-03 15:20:11,213] My account - Step 02: Verify Customer Info page is displayed
[2022-07-03 15:20:31,334] OS name = windows 10
[2022-07-03 15:20:31,334] Driver instance name = firefoxdriver: firefox on windows (d3fe417d-b3dd-4ab4-a4cd-fd12ef611af7)
[2022-07-03 15:22:10,029] Pre-condition - Step 00: Open NopCommerce Home page
[2022-07-03 15:22:16,771] Register - Step 01: Navigate to Register page
[2022-07-03 15:22:17,344] Register - Step 02: Select Gender radio button
[2022-07-03 15:22:17,618] Register - Step 03: Enter 'Pattern' into First Name text box
[2022-07-03 15:22:17,699] Register - Step 04: Enter 'Object' into Last Name text box
[2022-07-03 15:22:17,788] Register - Step 05: Select Date Of Birth
[2022-07-03 15:22:38,371] Login - Step 01: Navigate to Login page
[2022-07-03 15:22:58,511] My account - Step 01: Navigate to My Account page
[2022-07-03 15:22:59,407] My account - Step 02: Verify Customer Info page is displayed
[2022-07-03 15:23:19,494] OS name = windows 10
[2022-07-03 15:23:19,494] Driver instance name = firefoxdriver: firefox on windows (6adc0868-f85a-4bbc-a295-3efa1f89a735)
[2022-07-03 15:23:48,772] Pre-condition - Step 00: Open NopCommerce Home page
[2022-07-03 15:23:55,265] Register - Step 01: Navigate to Register page
[2022-07-03 15:23:55,835] Register - Step 02: Select Gender radio button
[2022-07-03 15:23:56,126] Register - Step 03: Enter 'Pattern' into First Name text box
[2022-07-03 15:23:56,199] Register - Step 04: Enter 'Object' into Last Name text box
[2022-07-03 15:23:56,291] Register - Step 05: Select Date Of Birth
[2022-07-03 15:23:57,215] Register - Step 06: Enter 'patternobject.level19.541@mail.com' into Email text box
[2022-07-03 15:23:57,305] Register - Step 07: Enter 'Automation FC' into Company Name text box
[2022-07-03 15:23:57,368] Register - Step 08: Select Newsletter checkbox
[2022-07-03 15:23:57,420] Register - Step 09: Enter '030722' into Password text box
[2022-07-03 15:23:57,493] Register - Step 10: Enter '030722' into Confirm Password text box
[2022-07-03 15:23:57,574] Register - Step 11: Click on Register button
[2022-07-03 15:23:58,392] Register - Step 12: Verify registration success message is displayed
[2022-07-03 15:23:58,631] Login - Step 01: Navigate to Login page
[2022-07-03 15:24:18,745] My account - Step 01: Navigate to My Account page
[2022-07-03 15:24:19,311] My account - Step 02: Verify Customer Info page is displayed
[2022-07-03 15:24:19,397] My account - Step 03: Verify Gender radio button is selected
[2022-07-03 15:24:19,449] My account - Step 04: Verify First Name value is correct
[2022-07-03 15:24:19,506] My account - Step 05: Verify Last Name value is correct
[2022-07-03 15:24:19,553] My account - Step 06: Verify Date Of Birth value is correct
[2022-07-03 15:24:19,721] OS name = windows 10
[2022-07-03 15:24:19,721] Driver instance name = firefoxdriver: firefox on windows (90c04fa1-ca98-4f95-955c-0769e47606aa)
[2022-07-03 15:24:33,386] Pre-condition - Step 00: Open NopCommerce Home page
[2022-07-03 15:24:39,437] Register - Step 01: Navigate to Register page
[2022-07-03 15:24:40,034] Register - Step 02: Select Gender radio button
[2022-07-03 15:24:40,330] Register - Step 03: Enter 'Pattern' into First Name text box
[2022-07-03 15:24:40,420] Register - Step 04: Enter 'Object' into Last Name text box
[2022-07-03 15:24:40,502] Register - Step 05: Select Date Of Birth
[2022-07-03 15:24:41,418] Register - Step 06: Enter 'patternobject.level19.7742@mail.com' into Email text box
[2022-07-03 15:24:41,507] Register - Step 07: Enter 'Automation FC' into Company Name text box
[2022-07-03 15:24:41,592] Register - Step 08: Select Newsletter checkbox
[2022-07-03 15:24:41,630] Register - Step 09: Enter '030722' into Password text box
[2022-07-03 15:24:41,718] Register - Step 10: Enter '030722' into Confirm Password text box
[2022-07-03 15:24:41,794] Register - Step 11: Click on Register button
[2022-07-03 15:24:42,626] Register - Step 12: Verify registration success message is displayed
[2022-07-03 15:24:42,673] Register - Step 13: Navigate to Home page by Log out
[2022-07-03 15:24:43,524] Login - Step 01: Navigate to Login page
[2022-07-03 15:25:03,789] My account - Step 01: Navigate to My Account page
[2022-07-03 15:25:04,534] My account - Step 02: Verify Customer Info page is displayed
[2022-07-03 15:25:13,418] Pre-condition - Step 00: Open NopCommerce Home page
[2022-07-03 15:25:19,748] Register - Step 01: Navigate to Register page
[2022-07-03 15:25:20,348] Register - Step 02: Select Gender radio button
[2022-07-03 15:25:20,652] Register - Step 03: Enter 'Pattern' into First Name text box
[2022-07-03 15:25:20,756] Register - Step 04: Enter 'Object' into Last Name text box
[2022-07-03 15:25:20,845] Register - Step 05: Select Date Of Birth
[2022-07-03 15:25:21,760] Register - Step 06: Enter 'patternobject.level19.6077@mail.com' into Email text box
[2022-07-03 15:25:21,851] Register - Step 07: Enter 'Automation FC' into Company Name text box
[2022-07-03 15:25:21,948] Register - Step 08: Select Newsletter checkbox
[2022-07-03 15:25:21,993] Register - Step 09: Enter '030722' into Password text box
[2022-07-03 15:25:22,075] Register - Step 10: Enter '030722' into Confirm Password text box
[2022-07-03 15:25:22,139] Register - Step 11: Click on Register button
[2022-07-03 15:25:22,929] Register - Step 12: Verify registration success message is displayed
[2022-07-03 15:25:22,972] Register - Step 13: Navigate to Home page by Log out
[2022-07-03 15:25:23,809] Login - Step 01: Navigate to Login page
[2022-07-03 15:25:24,322] Login - Step 02: Enter 'patternobject.level19.6077@mail.com' into Email text box
[2022-07-03 15:25:24,441] Login - Step 03: Enter '030722' into Password text box
[2022-07-03 15:25:24,532] Login - Step 04: Click on Login button
[2022-07-03 15:25:24,642] OS name = windows 10
[2022-07-03 15:25:24,643] Driver instance name = firefoxdriver: firefox on windows (1d1ad8c9-1504-46bd-a3c3-a54a1b77bd4c)
[2022-07-03 15:25:56,245] Pre-condition - Step 00: Open NopCommerce Home page
[2022-07-03 15:26:01,779] Register - Step 01: Navigate to Register page
[2022-07-03 15:26:02,352] Register - Step 02: Select Gender radio button
[2022-07-03 15:26:02,648] Register - Step 03: Enter 'Pattern' into First Name text box
[2022-07-03 15:26:02,741] Register - Step 04: Enter 'Object' into Last Name text box
[2022-07-03 15:26:02,820] Register - Step 05: Select Date Of Birth
[2022-07-03 15:26:03,759] Register - Step 06: Enter 'patternobject.level19.2691@mail.com' into Email text box
[2022-07-03 15:26:03,848] Register - Step 07: Enter 'Automation FC' into Company Name text box
[2022-07-03 15:26:03,958] Register - Step 08: Select Newsletter checkbox
[2022-07-03 15:26:04,006] Register - Step 09: Enter '030722' into Password text box
[2022-07-03 15:26:04,085] Register - Step 10: Enter '030722' into Confirm Password text box
[2022-07-03 15:26:04,153] Register - Step 11: Click on Register button
[2022-07-03 15:26:04,981] Register - Step 12: Verify registration success message is displayed
[2022-07-03 15:26:05,022] Register - Step 13: Navigate to Home page by Log out
[2022-07-03 15:26:05,830] Login - Step 01: Navigate to Login page
[2022-07-03 15:26:06,356] Login - Step 02: Enter 'patternobject.level19.2691@mail.com' into Email text box
[2022-07-03 15:26:06,439] Login - Step 03: Enter '030722' into Password text box
[2022-07-03 15:26:06,515] Login - Step 04: Click on Login button
[2022-07-03 15:26:07,251] Login - Step 05: Verify My Account link is displayed
[2022-07-03 15:26:07,345] My account - Step 01: Navigate to My Account page
[2022-07-03 15:26:07,875] My account - Step 02: Verify Customer Info page is displayed
[2022-07-03 15:26:07,943] My account - Step 03: Verify Gender radio button is selected
[2022-07-03 15:26:07,992] My account - Step 04: Verify First Name value is correct
[2022-07-03 15:26:08,044] My account - Step 05: Verify Last Name value is correct
[2022-07-03 15:26:08,091] My account - Step 06: Verify Date Of Birth value is correct
[2022-07-03 15:26:08,300] OS name = windows 10
[2022-07-03 15:26:08,300] Driver instance name = firefoxdriver: firefox on windows (d03c3832-f1fb-4f35-b5e0-be8c3636340b)
[2022-07-03 15:29:05,473] Pre-condition - Step 00: Open NopCommerce Home page
[2022-07-03 15:29:11,886] Register - Step 01: Navigate to Register page
[2022-07-03 15:29:12,500] Register - Step 02: Select Gender radio button
[2022-07-03 15:29:12,799] Register - Step 03: Enter 'Pattern' into First Name text box
[2022-07-03 15:29:12,877] Register - Step 04: Enter 'Object' into Last Name text box
[2022-07-03 15:29:12,970] Register - Step 05: Select Date Of Birth
[2022-07-03 15:29:13,891] Register - Step 06: Enter 'patternobject.level19.3345@mail.com' into Email text box
[2022-07-03 15:29:13,980] Register - Step 07: Enter 'Automation FC' into Company Name text box
[2022-07-03 15:29:14,042] Register - Step 08: Select Newsletter checkbox
[2022-07-03 15:29:14,091] Register - Step 09: Enter '030722' into Password text box
[2022-07-03 15:29:14,172] Register - Step 10: Enter '030722' into Confirm Password text box
[2022-07-03 15:29:14,243] Register - Step 11: Click on Register button
[2022-07-03 15:29:15,109] Register - Step 12: Verify registration success message is displayed
[2022-07-03 15:29:15,153] Register - Step 13: Navigate to Home page by Log out
[2022-07-03 15:29:15,983] Login - Step 01: Navigate to Login page
[2022-07-03 15:29:16,477] Login - Step 02: Enter 'patternobject.level19.3345@mail.com' into Email text box
[2022-07-03 15:29:16,580] Login - Step 03: Enter '030722' into Password text box
[2022-07-03 15:29:16,644] Login - Step 04: Click on Login button
[2022-07-03 15:29:17,376] Login - Step 05: Verify My Account link is displayed
[2022-07-03 15:29:17,452] My account - Step 01: Navigate to My Account page
[2022-07-03 15:29:18,009] My account - Step 02: Verify Customer Info page is displayed
[2022-07-03 15:29:18,081] My account - Step 03: Verify Gender radio button is selected
[2022-07-03 15:29:18,113] My account - Step 04: Verify First Name value is correct
[2022-07-03 15:29:18,166] My account - Step 05: Verify Last Name value is correct
[2022-07-03 15:29:18,212] My account - Step 06: Verify Date Of Birth value is correct
[2022-07-03 15:29:18,402] My account - Step 07: Verify Email value is correct
[2022-07-03 15:29:18,461] My account - Step 08: Verify Company Name value is correct
[2022-07-03 15:29:18,518] My account - Step 09: Verify Newsletter checkbox is selected
[2022-07-03 15:29:18,562] OS name = windows 10
[2022-07-03 15:29:18,562] Driver instance name = firefoxdriver: firefox on windows (c2adeeba-e019-4106-b5c4-1730d8707a84)
